<?xml version="1.0" encoding="UTF-8"?>
<testng-results ignored="0" total="1" passed="1" failed="0" skipped="0">
  <reporter-output>
  </reporter-output>
  <suite started-at="2026-02-21T10:32:37 IST" name="Default suite" finished-at="2026-02-21T10:33:10 IST" duration-ms="33144">
    <groups>
    </groups>
    <test started-at="2026-02-21T10:32:37 IST" name="Default test" finished-at="2026-02-21T10:33:10 IST" duration-ms="33144">
      <class name="Com.DemoWebShop_TestScripts.TC_001_VerifyUserIsAbleToAddAddressOrNot">
        <test-method is-config="true" signature="beforeSuite()[pri:0, instance:Com.DemoWebShop_TestScripts.TC_001_VerifyUserIsAbleToAddAddressOrNot@1e800aaa]" started-at="2026-02-21T10:32:37 IST" name="beforeSuite" finished-at="2026-02-21T10:32:37 IST" duration-ms="28" status="PASS">
          <reporter-output>
          </reporter-output>
        </test-method> <!-- beforeSuite -->
        <test-method is-config="true" signature="beforeTest()[pri:0, instance:Com.DemoWebShop_TestScripts.TC_001_VerifyUserIsAbleToAddAddressOrNot@1e800aaa]" started-at="2026-02-21T10:32:37 IST" name="beforeTest" finished-at="2026-02-21T10:32:38 IST" duration-ms="565" status="PASS">
          <reporter-output>
          </reporter-output>
        </test-method> <!-- beforeTest -->
        <test-method is-config="true" signature="beforeClass()[pri:0, instance:Com.DemoWebShop_TestScripts.TC_001_VerifyUserIsAbleToAddAddressOrNot@1e800aaa]" started-at="2026-02-21T10:32:38 IST" name="beforeClass" finished-at="2026-02-21T10:32:42 IST" duration-ms="4280" status="PASS">
          <reporter-output>
          </reporter-output>
        </test-method> <!-- beforeClass -->
        <test-method is-config="true" signature="beforeMethod()[pri:0, instance:Com.DemoWebShop_TestScripts.TC_001_VerifyUserIsAbleToAddAddressOrNot@1e800aaa]" started-at="2026-02-21T10:32:42 IST" name="beforeMethod" finished-at="2026-02-21T10:32:50 IST" duration-ms="7722" status="PASS">
          <reporter-output>
          </reporter-output>
        </test-method> <!-- beforeMethod -->
        <test-method signature="addAddress()[pri:0, instance:Com.DemoWebShop_TestScripts.TC_001_VerifyUserIsAbleToAddAddressOrNot@1e800aaa]" started-at="2026-02-21T10:32:50 IST" name="addAddress" finished-at="2026-02-21T10:33:05 IST" duration-ms="15047" status="PASS">
          <reporter-output>
          </reporter-output>
        </test-method> <!-- addAddress -->
        <test-method is-config="true" signature="afterMethod()[pri:0, instance:Com.DemoWebShop_TestScripts.TC_001_VerifyUserIsAbleToAddAddressOrNot@1e800aaa]" started-at="2026-02-21T10:33:05 IST" name="afterMethod" finished-at="2026-02-21T10:33:06 IST" duration-ms="1126" status="PASS">
          <reporter-output>
          </reporter-output>
        </test-method> <!-- afterMethod -->
        <test-method is-config="true" signature="afterClass()[pri:0, instance:Com.DemoWebShop_TestScripts.TC_001_VerifyUserIsAbleToAddAddressOrNot@1e800aaa]" started-at="2026-02-21T10:33:06 IST" name="afterClass" finished-at="2026-02-21T10:33:10 IST" duration-ms="3793" status="PASS">
          <reporter-output>
          </reporter-output>
        </test-method> <!-- afterClass -->
        <test-method is-config="true" signature="afterTest()[pri:0, instance:Com.DemoWebShop_TestScripts.TC_001_VerifyUserIsAbleToAddAddressOrNot@1e800aaa]" started-at="2026-02-21T10:33:10 IST" name="afterTest" finished-at="2026-02-21T10:33:10 IST" duration-ms="536" status="PASS">
          <reporter-output>
          </reporter-output>
        </test-method> <!-- afterTest -->
        <test-method is-config="true" signature="afterSuite()[pri:0, instance:Com.DemoWebShop_TestScripts.TC_001_VerifyUserIsAbleToAddAddressOrNot@1e800aaa]" started-at="2026-02-21T10:33:10 IST" name="afterSuite" finished-at="2026-02-21T10:33:10 IST" duration-ms="2" status="PASS">
          <reporter-output>
          </reporter-output>
        </test-method> <!-- afterSuite -->
      </class> <!-- Com.DemoWebShop_TestScripts.TC_001_VerifyUserIsAbleToAddAddressOrNot -->
    </test> <!-- Default test -->
  </suite> <!-- Default suite -->
</testng-results>
