<?xml version="1.0" encoding="UTF-8"?>
<!-- Generated by org.testng.reporters.JUnitReportReporter -->
<testsuite hostname="MAA15-TV02HAMPT" failures="0" tests="1" name="Com.DemoWebShop_TestScripts.TC_001_VerifyUserIsAbleToAddAddressOrNot" time="23.895" errors="0" timestamp="2026-02-21T10:33:11 IST" skipped="0">
  <testcase classname="Com.DemoWebShop_TestScripts.TC_001_VerifyUserIsAbleToAddAddressOrNot" name="addAddress" time="23.895"/>
</testsuite> <!-- Com.DemoWebShop_TestScripts.TC_001_VerifyUserIsAbleToAddAddressOrNot -->
